[13:30:48.943 Verbose] - BuildManager - CSC(0,0): error CS2001: Nie można znaleźć pliku źródłowego „C:\Users\With3rr\source\repos\Platforma\AplikacjaClient\AplikacjaClient\AplikacjaKlientaTests.cs”.
[13:30:48.946 Verbose] - BuildManager - Some of the file paths defined in the csproj under the Live Unit Testing build path are missing. Verify whether these files should be present under the Live Unit Testing build path and if necessary update the csproj definition to look these files up in a different place.
[13:30:48.946 Verbose] - BuildManager - Item _OutputPathItem 'C:\Users\With3rr\source\repos\Platforma\AplikacjaClient\.vs\AplikacjaClient\v16\lut\25536\b\AplikacjaClient\bin\Debug\' evaluated via:
_OutputPathItem: '$(OutDir)' @ C:\Program Files (x86)\Microsoft Visual Studio\2019\Enterprise\MSBuild\Current\Bin\Microsoft.Common.CurrentVersion.targets:272
  OutDir: 'C:\Users\With3rr\source\repos\Platforma\AplikacjaClient\.vs\AplikacjaClient\v16\lut\25536\b\AplikacjaClient\bin\Debug\' @ C:\Users\With3rr\source\repos\Platforma\AplikacjaClient\AplikacjaClient\AplikacjaClient.csproj:0
[13:30:48.947 Verbose] - BuildManager - Item AppConfigFileDestination 'C:\Users\With3rr\source\repos\Platforma\AplikacjaClient\.vs\AplikacjaClient\v16\lut\25536\b\AplikacjaClient\bin\Debug\AplikacjaClient.exe.config' evaluated via:
AppConfigFileDestination: '$(OutDir)$(TargetFileName).config' @ C:\Program Files (x86)\Microsoft Visual Studio\2019\Enterprise\MSBuild\Current\Bin\Microsoft.Common.CurrentVersion.targets:303
  OutDir: 'C:\Users\With3rr\source\repos\Platforma\AplikacjaClient\.vs\AplikacjaClient\v16\lut\25536\b\AplikacjaClient\bin\Debug\' @ C:\Users\With3rr\source\repos\Platforma\AplikacjaClient\AplikacjaClient\AplikacjaClient.csproj:0
  TargetFileName: '$(TargetName)$(TargetExt)' @ C:\Program Files (x86)\Microsoft Visual Studio\2019\Enterprise\MSBuild\Current\Bin\Microsoft.Common.CurrentVersion.targets:212
    TargetName: '$(AssemblyName)' @ C:\Program Files (x86)\Microsoft Visual Studio\2019\Enterprise\MSBuild\Current\Bin\Microsoft.Common.CurrentVersion.targets:204
      AssemblyName: 'AplikacjaClient' @ C:\Users\With3rr\source\repos\Platforma\AplikacjaClient\AplikacjaClient\AplikacjaClient.csproj:12
    TargetExt: '.exe' @ C:\Program Files (x86)\Microsoft Visual Studio\2019\Enterprise\MSBuild\Current\Bin\Microsoft.Common.CurrentVersion.targets:181
[13:30:48.947 Verbose] - BuildManager - Item _DebugSymbolsOutputPath 'C:\Users\With3rr\source\repos\Platforma\AplikacjaClient\.vs\AplikacjaClient\v16\lut\25536\b\AplikacjaClient\bin\Debug\AplikacjaClient.pdb' evaluated via:
_DebugSymbolsOutputPath: '@(_DebugSymbolsIntermediatePath->'$(OutDir)%(Filename)%(Extension)')' @ C:\Program Files (x86)\Microsoft Visual Studio\2019\Enterprise\MSBuild\Current\Bin\Microsoft.Common.CurrentVersion.targets:372
  OutDir: 'C:\Users\With3rr\source\repos\Platforma\AplikacjaClient\.vs\AplikacjaClient\v16\lut\25536\b\AplikacjaClient\bin\Debug\' @ C:\Users\With3rr\source\repos\Platforma\AplikacjaClient\AplikacjaClient\AplikacjaClient.csproj:0
[13:30:48.947 Verbose] - BuildManager - Item _ApplicationManifestFinal 'C:\Users\With3rr\source\repos\Platforma\AplikacjaClient\.vs\AplikacjaClient\v16\lut\25536\b\AplikacjaClient\bin\Debug\AplikacjaClient.exe.manifest' evaluated via:
_ApplicationManifestFinal: '$(OutDir)$(_DeploymentTargetApplicationManifestFileName)' @ C:\Program Files (x86)\Microsoft Visual Studio\2019\Enterprise\MSBuild\Current\Bin\Microsoft.Common.CurrentVersion.targets:410
  OutDir: 'C:\Users\With3rr\source\repos\Platforma\AplikacjaClient\.vs\AplikacjaClient\v16\lut\25536\b\AplikacjaClient\bin\Debug\' @ C:\Users\With3rr\source\repos\Platforma\AplikacjaClient\AplikacjaClient\AplikacjaClient.csproj:0
  _DeploymentTargetApplicationManifestFileName: '$(TargetFileName).manifest' @ C:\Program Files (x86)\Microsoft Visual Studio\2019\Enterprise\MSBuild\Current\Bin\Microsoft.Common.CurrentVersion.targets:230
    TargetFileName: '$(TargetName)$(TargetExt)' @ C:\Program Files (x86)\Microsoft Visual Studio\2019\Enterprise\MSBuild\Current\Bin\Microsoft.Common.CurrentVersion.targets:212
      TargetName: '$(AssemblyName)' @ C:\Program Files (x86)\Microsoft Visual Studio\2019\Enterprise\MSBuild\Current\Bin\Microsoft.Common.CurrentVersion.targets:204
        AssemblyName: 'AplikacjaClient' @ C:\Users\With3rr\source\repos\Platforma\AplikacjaClient\AplikacjaClient\AplikacjaClient.csproj:12
      TargetExt: '.exe' @ C:\Program Files (x86)\Microsoft Visual Studio\2019\Enterprise\MSBuild\Current\Bin\Microsoft.Common.CurrentVersion.targets:181
